2016-05-19 11:30:22
File: LINE 
Method:auth::login
Error:SQLSTATE[42000]: Syntax error or access violation: 1064 You have an error in your SQL syntax; check the manual that corresponds to your MariaDB server version for the right syntax to use near 'AND password='' LIMIT 1' at line 1

2016-05-19 11:30:37
File: LINE 
Method:auth::login
Error:SQLSTATE[42S22]: Column not found: 1054 Unknown column 'name' in 'where clause'

2016-05-19 11:30:54
File: LINE 
Method:auth::login
Error:SQLSTATE[42S22]: Column not found: 1054 Unknown column 'name' in 'where clause'

2016-05-19 11:31:32
Error:SQLSTATE[42S22]: Column not found: 1054 Unknown column 'name' in 'where clause'

2016-05-19 11:31:35
Error:SQLSTATE[42S22]: Column not found: 1054 Unknown column 'name' in 'where clause'

2016-05-19 11:31:35
Error:SQLSTATE[42S22]: Column not found: 1054 Unknown column 'name' in 'where clause'

2016-05-19 11:31:35
Error:SQLSTATE[42S22]: Column not found: 1054 Unknown column 'name' in 'where clause'

2016-05-19 11:32:04
Error:SQLSTATE[42S22]: Column not found: 1054 Unknown column 'name' in 'where clause'

2016-05-19 11:32:56
Error:SQLSTATE[42S22]: Column not found: 1054 Unknown column 'name' in 'where clause'

2016-05-19 11:33:00
Error:SQLSTATE[42S22]: Column not found: 1054 Unknown column 'name' in 'where clause'

2016-05-19 11:35:04
Error:SQLSTATE[42S22]: Column not found: 1054 Unknown column 'name' in 'where clause'

2016-05-19 11:35:05
Error:SQLSTATE[42S22]: Column not found: 1054 Unknown column 'name' in 'where clause'

2016-05-19 11:35:06
Error:SQLSTATE[42S22]: Column not found: 1054 Unknown column 'name' in 'where clause'

2016-05-19 11:35:07
Error:SQLSTATE[42S22]: Column not found: 1054 Unknown column 'name' in 'where clause'

2016-05-19 11:35:07
Error:SQLSTATE[42S22]: Column not found: 1054 Unknown column 'name' in 'where clause'

2016-05-19 11:35:08
Error:SQLSTATE[42S22]: Column not found: 1054 Unknown column 'name' in 'where clause'

2016-05-19 11:35:08
Error:SQLSTATE[42S22]: Column not found: 1054 Unknown column 'name' in 'where clause'

2016-05-19 11:35:08
Error:SQLSTATE[42S22]: Column not found: 1054 Unknown column 'name' in 'where clause'

2016-05-19 11:35:08
Error:SQLSTATE[42S22]: Column not found: 1054 Unknown column 'name' in 'where clause'

2016-05-19 11:35:08
Error:SQLSTATE[42S22]: Column not found: 1054 Unknown column 'name' in 'where clause'

2016-05-19 11:35:09
Error:SQLSTATE[42S22]: Column not found: 1054 Unknown column 'name' in 'where clause'

2016-05-19 11:35:09
Error:SQLSTATE[42S22]: Column not found: 1054 Unknown column 'name' in 'where clause'

2016-05-19 11:35:09
Error:SQLSTATE[42S22]: Column not found: 1054 Unknown column 'name' in 'where clause'

2016-05-19 11:35:09
Error:SQLSTATE[42S22]: Column not found: 1054 Unknown column 'name' in 'where clause'

2016-05-19 11:35:09
Error:SQLSTATE[42S22]: Column not found: 1054 Unknown column 'name' in 'where clause'

2016-05-19 11:35:09
Error:SQLSTATE[42S22]: Column not found: 1054 Unknown column 'name' in 'where clause'

2016-05-19 11:35:10
Error:SQLSTATE[42S22]: Column not found: 1054 Unknown column 'name' in 'where clause'

2016-05-19 11:35:10
Error:SQLSTATE[42S22]: Column not found: 1054 Unknown column 'name' in 'where clause'

2016-05-19 11:35:10
Error:SQLSTATE[42S22]: Column not found: 1054 Unknown column 'name' in 'where clause'

2016-05-19 11:35:10
Error:SQLSTATE[42S22]: Column not found: 1054 Unknown column 'name' in 'where clause'

2016-05-19 11:35:10
Error:SQLSTATE[42S22]: Column not found: 1054 Unknown column 'name' in 'where clause'

2016-05-19 11:35:41
Error:SQLSTATE[42S22]: Column not found: 1054 Unknown column 'naeem' in 'where clause'

2016-05-19 11:35:45
Error:SQLSTATE[42S22]: Column not found: 1054 Unknown column 'naeem' in 'where clause'

2016-05-19 11:35:45
Error:SQLSTATE[42S22]: Column not found: 1054 Unknown column 'naeem' in 'where clause'

2016-05-19 11:35:46
Error:SQLSTATE[42S22]: Column not found: 1054 Unknown column 'naeem' in 'where clause'

2016-05-19 11:35:46
Error:SQLSTATE[42S22]: Column not found: 1054 Unknown column 'naeem' in 'where clause'

2016-05-19 11:35:47
Error:SQLSTATE[42S22]: Column not found: 1054 Unknown column 'naeem' in 'where clause'

2016-05-19 11:35:47
Error:SQLSTATE[42S22]: Column not found: 1054 Unknown column 'naeem' in 'where clause'

2016-05-19 11:36:04
Error:SQLSTATE[42S22]: Column not found: 1054 Unknown column 'naeem' in 'where clause'

2016-05-19 11:36:05
Error:SQLSTATE[42S22]: Column not found: 1054 Unknown column 'naeem' in 'where clause'

2016-05-19 11:36:06
Error:SQLSTATE[42S22]: Column not found: 1054 Unknown column 'naeem' in 'where clause'

2016-05-19 11:36:06
Error:SQLSTATE[42S22]: Column not found: 1054 Unknown column 'naeem' in 'where clause'

2016-05-19 11:36:06
Error:SQLSTATE[42S22]: Column not found: 1054 Unknown column 'naeem' in 'where clause'

2016-05-19 11:36:07
Error:SQLSTATE[42S22]: Column not found: 1054 Unknown column 'naeem' in 'where clause'

2016-05-19 11:36:07
Error:SQLSTATE[42S22]: Column not found: 1054 Unknown column 'naeem' in 'where clause'

2016-05-19 11:36:07
Error:SQLSTATE[42S22]: Column not found: 1054 Unknown column 'naeem' in 'where clause'

2016-05-19 11:36:07
Error:SQLSTATE[42S22]: Column not found: 1054 Unknown column 'naeem' in 'where clause'

2016-05-19 11:36:07
Error:SQLSTATE[42S22]: Column not found: 1054 Unknown column 'naeem' in 'where clause'

2016-05-19 11:36:07
Error:SQLSTATE[42S22]: Column not found: 1054 Unknown column 'naeem' in 'where clause'

2016-05-19 11:36:08
Error:SQLSTATE[42S22]: Column not found: 1054 Unknown column 'naeem' in 'where clause'

2016-05-19 11:36:08
Error:SQLSTATE[42S22]: Column not found: 1054 Unknown column 'naeem' in 'where clause'

2016-05-19 11:36:08
Error:SQLSTATE[42S22]: Column not found: 1054 Unknown column 'naeem' in 'where clause'

2016-05-19 11:36:08
Error:SQLSTATE[42S22]: Column not found: 1054 Unknown column 'naeem' in 'where clause'

2016-05-19 11:36:08
Error:SQLSTATE[42S22]: Column not found: 1054 Unknown column 'naeem' in 'where clause'

2016-05-19 11:36:09
Error:SQLSTATE[42S22]: Column not found: 1054 Unknown column 'naeem' in 'where clause'

2016-05-19 11:36:09
Error:SQLSTATE[42S22]: Column not found: 1054 Unknown column 'naeem' in 'where clause'

2016-05-19 11:36:20
Error:SQLSTATE[42S22]: Column not found: 1054 Unknown column 'naeem' in 'where clause'

2016-05-19 11:36:20
Error:SQLSTATE[42S22]: Column not found: 1054 Unknown column 'naeem' in 'where clause'

2016-05-19 11:36:21
Error:SQLSTATE[42S22]: Column not found: 1054 Unknown column 'naeem' in 'where clause'

2016-05-19 11:36:21
Error:SQLSTATE[42S22]: Column not found: 1054 Unknown column 'naeem' in 'where clause'

2016-05-19 11:36:21
Error:SQLSTATE[42S22]: Column not found: 1054 Unknown column 'naeem' in 'where clause'

2016-05-19 11:36:21
Error:SQLSTATE[42S22]: Column not found: 1054 Unknown column 'naeem' in 'where clause'

2016-05-19 11:36:21
Error:SQLSTATE[42S22]: Column not found: 1054 Unknown column 'naeem' in 'where clause'

2016-05-19 11:36:22
Error:SQLSTATE[42S22]: Column not found: 1054 Unknown column 'naeem' in 'where clause'

2016-05-19 11:36:22
Error:SQLSTATE[42S22]: Column not found: 1054 Unknown column 'naeem' in 'where clause'

2016-05-19 11:36:22
Error:SQLSTATE[42S22]: Column not found: 1054 Unknown column 'naeem' in 'where clause'

2016-05-19 11:36:22
Error:SQLSTATE[42S22]: Column not found: 1054 Unknown column 'naeem' in 'where clause'

2016-05-19 11:36:36
Error:SQLSTATE[42S22]: Column not found: 1054 Unknown column 'MSA1' in 'where clause'

2016-05-19 11:36:37
Error:SQLSTATE[42S22]: Column not found: 1054 Unknown column 'MSA1' in 'where clause'

2016-05-19 11:36:37
Error:SQLSTATE[42S22]: Column not found: 1054 Unknown column 'MSA1' in 'where clause'

2016-05-19 11:36:38
Error:SQLSTATE[42S22]: Column not found: 1054 Unknown column 'MSA1' in 'where clause'

2016-05-19 11:37:30
Error:SQLSTATE[42S22]: Column not found: 1054 Unknown column 'MSA1' in 'where clause'

2016-05-19 11:37:31
Error:SQLSTATE[42S22]: Column not found: 1054 Unknown column 'MSA1' in 'where clause'

2016-05-19 11:37:32
Error:SQLSTATE[42S22]: Column not found: 1054 Unknown column 'MSA1' in 'where clause'

2016-05-19 11:37:32
Error:SQLSTATE[42S22]: Column not found: 1054 Unknown column 'MSA1' in 'where clause'

2016-05-19 11:37:33
Error:SQLSTATE[42S22]: Column not found: 1054 Unknown column 'MSA1' in 'where clause'

2016-05-19 12:13:37
Error:SQLSTATE[HY093]: Invalid parameter number: number of bound variables does not match number of tokens

2016-05-19 12:14:12
Error:SQLSTATE[HY093]: Invalid parameter number: number of bound variables does not match number of tokens

2016-05-19 12:14:14
Error:SQLSTATE[HY093]: Invalid parameter number: number of bound variables does not match number of tokens

2016-05-19 12:14:15
Error:SQLSTATE[HY093]: Invalid parameter number: number of bound variables does not match number of tokens

2016-05-19 12:15:32
Error:SQLSTATE[HY093]: Invalid parameter number: number of bound variables does not match number of tokens

2016-05-19 12:15:34
Error:SQLSTATE[HY093]: Invalid parameter number: number of bound variables does not match number of tokens

2016-05-19 12:15:35
Error:SQLSTATE[HY093]: Invalid parameter number: number of bound variables does not match number of tokens

2016-05-19 12:15:36
Error:SQLSTATE[HY093]: Invalid parameter number: number of bound variables does not match number of tokens

2016-05-19 12:15:36
Error:SQLSTATE[HY093]: Invalid parameter number: number of bound variables does not match number of tokens

2016-05-19 12:16:24
Error:SQLSTATE[HY093]: Invalid parameter number: number of bound variables does not match number of tokens

2016-05-19 12:16:24
Error:SQLSTATE[HY093]: Invalid parameter number: number of bound variables does not match number of tokens

2016-05-19 12:16:25
Error:SQLSTATE[HY093]: Invalid parameter number: number of bound variables does not match number of tokens

2016-05-19 12:16:25
Error:SQLSTATE[HY093]: Invalid parameter number: number of bound variables does not match number of tokens

2016-05-19 12:16:25
Error:SQLSTATE[HY093]: Invalid parameter number: number of bound variables does not match number of tokens

2016-05-19 12:16:25
Error:SQLSTATE[HY093]: Invalid parameter number: number of bound variables does not match number of tokens

2016-05-19 12:16:25
Error:SQLSTATE[HY093]: Invalid parameter number: number of bound variables does not match number of tokens

2016-05-19 12:16:26
Error:SQLSTATE[HY093]: Invalid parameter number: number of bound variables does not match number of tokens

2016-05-19 12:16:56
Error:SQLSTATE[HY093]: Invalid parameter number: number of bound variables does not match number of tokens

2016-05-19 12:16:57
Error:SQLSTATE[HY093]: Invalid parameter number: number of bound variables does not match number of tokens

2016-05-19 12:16:58
Error:SQLSTATE[HY093]: Invalid parameter number: number of bound variables does not match number of tokens

2016-05-19 12:16:58
Error:SQLSTATE[HY093]: Invalid parameter number: number of bound variables does not match number of tokens

2016-05-19 12:16:58
Error:SQLSTATE[HY093]: Invalid parameter number: number of bound variables does not match number of tokens

2016-05-19 12:16:58
Error:SQLSTATE[HY093]: Invalid parameter number: number of bound variables does not match number of tokens

2016-05-19 12:16:58
Error:SQLSTATE[HY093]: Invalid parameter number: number of bound variables does not match number of tokens

2016-05-19 12:16:59
Error:SQLSTATE[HY093]: Invalid parameter number: number of bound variables does not match number of tokens

2016-05-19 12:16:59
Error:SQLSTATE[HY093]: Invalid parameter number: number of bound variables does not match number of tokens

2016-05-19 12:16:59
Error:SQLSTATE[HY093]: Invalid parameter number: number of bound variables does not match number of tokens

2016-05-19 12:16:59
Error:SQLSTATE[HY093]: Invalid parameter number: number of bound variables does not match number of tokens

2016-05-19 12:16:59
Error:SQLSTATE[HY093]: Invalid parameter number: number of bound variables does not match number of tokens

2016-05-19 12:17:00
Error:SQLSTATE[HY093]: Invalid parameter number: number of bound variables does not match number of tokens

2016-05-19 12:17:00
Error:SQLSTATE[HY093]: Invalid parameter number: number of bound variables does not match number of tokens

2016-05-19 12:17:00
Error:SQLSTATE[HY093]: Invalid parameter number: number of bound variables does not match number of tokens

2016-05-19 12:26:28
Error:SQLSTATE[HY093]: Invalid parameter number: number of bound variables does not match number of tokens

2016-05-19 12:26:28
Error:SQLSTATE[HY093]: Invalid parameter number: number of bound variables does not match number of tokens

2016-05-19 12:26:29
Error:SQLSTATE[HY093]: Invalid parameter number: number of bound variables does not match number of tokens

2016-05-19 12:26:29
Error:SQLSTATE[HY093]: Invalid parameter number: number of bound variables does not match number of tokens

2016-05-19 12:26:30
Error:SQLSTATE[HY093]: Invalid parameter number: number of bound variables does not match number of tokens

2016-05-19 12:26:30
Error:SQLSTATE[HY093]: Invalid parameter number: number of bound variables does not match number of tokens

2016-05-19 12:26:30
Error:SQLSTATE[HY093]: Invalid parameter number: number of bound variables does not match number of tokens

2016-05-19 12:26:30
Error:SQLSTATE[HY093]: Invalid parameter number: number of bound variables does not match number of tokens

2016-05-19 12:26:30
Error:SQLSTATE[HY093]: Invalid parameter number: number of bound variables does not match number of tokens

2016-05-19 12:26:30
Error:SQLSTATE[HY093]: Invalid parameter number: number of bound variables does not match number of tokens

2016-05-19 12:26:30
Error:SQLSTATE[HY093]: Invalid parameter number: number of bound variables does not match number of tokens

2016-05-19 12:26:30
Error:SQLSTATE[HY093]: Invalid parameter number: number of bound variables does not match number of tokens

2016-05-19 12:26:31
Error:SQLSTATE[HY093]: Invalid parameter number: number of bound variables does not match number of tokens

2016-05-19 12:26:31
Error:SQLSTATE[HY093]: Invalid parameter number: number of bound variables does not match number of tokens

2016-05-19 12:26:31
Error:SQLSTATE[HY093]: Invalid parameter number: number of bound variables does not match number of tokens

2016-05-19 12:26:31
Error:SQLSTATE[HY093]: Invalid parameter number: number of bound variables does not match number of tokens

2016-05-19 12:26:31
Error:SQLSTATE[HY093]: Invalid parameter number: number of bound variables does not match number of tokens

2016-05-19 12:26:31
Error:SQLSTATE[HY093]: Invalid parameter number: number of bound variables does not match number of tokens

2016-05-19 12:26:31
Error:SQLSTATE[HY093]: Invalid parameter number: number of bound variables does not match number of tokens

2016-05-19 12:26:31
Error:SQLSTATE[HY093]: Invalid parameter number: number of bound variables does not match number of tokens

2016-05-19 12:26:32
Error:SQLSTATE[HY093]: Invalid parameter number: number of bound variables does not match number of tokens

2016-05-19 12:26:32
Error:SQLSTATE[HY093]: Invalid parameter number: number of bound variables does not match number of tokens

2016-05-19 12:26:32
Error:SQLSTATE[HY093]: Invalid parameter number: number of bound variables does not match number of tokens

2016-05-19 12:26:32
Error:SQLSTATE[HY093]: Invalid parameter number: number of bound variables does not match number of tokens

2016-05-19 12:26:32
Error:SQLSTATE[HY093]: Invalid parameter number: number of bound variables does not match number of tokens

2016-05-19 12:26:32
Error:SQLSTATE[HY093]: Invalid parameter number: number of bound variables does not match number of tokens

2016-05-19 12:26:32
Error:SQLSTATE[HY093]: Invalid parameter number: number of bound variables does not match number of tokens

2016-05-19 12:26:32
Error:SQLSTATE[HY093]: Invalid parameter number: number of bound variables does not match number of tokens

2016-05-19 12:26:32
Error:SQLSTATE[HY093]: Invalid parameter number: number of bound variables does not match number of tokens

2016-05-19 12:26:32
Error:SQLSTATE[HY093]: Invalid parameter number: number of bound variables does not match number of tokens

2016-05-19 12:26:33
Error:SQLSTATE[HY093]: Invalid parameter number: number of bound variables does not match number of tokens

2016-05-19 12:26:33
Error:SQLSTATE[HY093]: Invalid parameter number: number of bound variables does not match number of tokens

2016-05-19 12:26:33
Error:SQLSTATE[HY093]: Invalid parameter number: number of bound variables does not match number of tokens

2016-05-19 12:26:33
Error:SQLSTATE[HY093]: Invalid parameter number: number of bound variables does not match number of tokens

2016-05-19 12:26:33
Error:SQLSTATE[HY093]: Invalid parameter number: number of bound variables does not match number of tokens

2016-05-19 12:26:33
Error:SQLSTATE[HY093]: Invalid parameter number: number of bound variables does not match number of tokens

2016-05-19 12:26:33
Error:SQLSTATE[HY093]: Invalid parameter number: number of bound variables does not match number of tokens

2016-05-19 12:26:33
Error:SQLSTATE[HY093]: Invalid parameter number: number of bound variables does not match number of tokens

2016-05-19 12:26:34
Error:SQLSTATE[HY093]: Invalid parameter number: number of bound variables does not match number of tokens

2016-05-19 12:26:34
Error:SQLSTATE[HY093]: Invalid parameter number: number of bound variables does not match number of tokens

2016-05-19 12:26:34
Error:SQLSTATE[HY093]: Invalid parameter number: number of bound variables does not match number of tokens

2016-05-19 12:26:34
Error:SQLSTATE[HY093]: Invalid parameter number: number of bound variables does not match number of tokens

2016-05-19 12:26:34
Error:SQLSTATE[HY093]: Invalid parameter number: number of bound variables does not match number of tokens

2016-05-19 12:26:34
Error:SQLSTATE[HY093]: Invalid parameter number: number of bound variables does not match number of tokens

2016-05-19 12:26:34
Error:SQLSTATE[HY093]: Invalid parameter number: number of bound variables does not match number of tokens

2016-05-19 12:26:34
Error:SQLSTATE[HY093]: Invalid parameter number: number of bound variables does not match number of tokens

2016-05-19 12:26:34
Error:SQLSTATE[HY093]: Invalid parameter number: number of bound variables does not match number of tokens

2016-05-19 12:26:34
Error:SQLSTATE[HY093]: Invalid parameter number: number of bound variables does not match number of tokens

2016-05-19 12:26:35
Error:SQLSTATE[HY093]: Invalid parameter number: number of bound variables does not match number of tokens

2016-05-19 12:26:35
Error:SQLSTATE[HY093]: Invalid parameter number: number of bound variables does not match number of tokens

2016-05-19 12:26:35
Error:SQLSTATE[HY093]: Invalid parameter number: number of bound variables does not match number of tokens

2016-05-19 12:26:35
Error:SQLSTATE[HY093]: Invalid parameter number: number of bound variables does not match number of tokens

2016-05-19 12:26:35
Error:SQLSTATE[HY093]: Invalid parameter number: number of bound variables does not match number of tokens

2016-05-19 12:26:35
Error:SQLSTATE[HY093]: Invalid parameter number: number of bound variables does not match number of tokens

2016-05-19 12:26:35
Error:SQLSTATE[HY093]: Invalid parameter number: number of bound variables does not match number of tokens

2016-05-19 12:26:35
Error:SQLSTATE[HY093]: Invalid parameter number: number of bound variables does not match number of tokens

2016-05-19 12:26:35
Error:SQLSTATE[HY093]: Invalid parameter number: number of bound variables does not match number of tokens

2016-05-19 12:26:35
Error:SQLSTATE[HY093]: Invalid parameter number: number of bound variables does not match number of tokens

2016-05-19 12:26:36
Error:SQLSTATE[HY093]: Invalid parameter number: number of bound variables does not match number of tokens

2016-05-19 12:26:36
Error:SQLSTATE[HY093]: Invalid parameter number: number of bound variables does not match number of tokens

2016-05-19 12:26:36
Error:SQLSTATE[HY093]: Invalid parameter number: number of bound variables does not match number of tokens

2016-05-19 12:26:36
Error:SQLSTATE[HY093]: Invalid parameter number: number of bound variables does not match number of tokens

2016-05-19 12:26:36
Error:SQLSTATE[HY093]: Invalid parameter number: number of bound variables does not match number of tokens

2016-05-19 12:26:36
Error:SQLSTATE[HY093]: Invalid parameter number: number of bound variables does not match number of tokens

2016-05-19 12:26:36
Error:SQLSTATE[HY093]: Invalid parameter number: number of bound variables does not match number of tokens

2016-05-19 12:26:36
Error:SQLSTATE[HY093]: Invalid parameter number: number of bound variables does not match number of tokens

2016-05-19 12:26:36
Error:SQLSTATE[HY093]: Invalid parameter number: number of bound variables does not match number of tokens

2016-05-19 12:26:36
Error:SQLSTATE[HY093]: Invalid parameter number: number of bound variables does not match number of tokens

2016-05-19 12:26:37
Error:SQLSTATE[HY093]: Invalid parameter number: number of bound variables does not match number of tokens

2016-05-19 12:26:37
Error:SQLSTATE[HY093]: Invalid parameter number: number of bound variables does not match number of tokens

2016-05-19 12:26:37
Error:SQLSTATE[HY093]: Invalid parameter number: number of bound variables does not match number of tokens

2016-05-19 12:26:37
Error:SQLSTATE[HY093]: Invalid parameter number: number of bound variables does not match number of tokens

2016-05-19 12:26:37
Error:SQLSTATE[HY093]: Invalid parameter number: number of bound variables does not match number of tokens

2016-05-19 12:26:37
Error:SQLSTATE[HY093]: Invalid parameter number: number of bound variables does not match number of tokens

2016-05-19 12:26:37
Error:SQLSTATE[HY093]: Invalid parameter number: number of bound variables does not match number of tokens

2016-05-19 12:26:37
Error:SQLSTATE[HY093]: Invalid parameter number: number of bound variables does not match number of tokens

2016-05-19 12:26:37
Error:SQLSTATE[HY093]: Invalid parameter number: number of bound variables does not match number of tokens

2016-05-19 12:26:37
Error:SQLSTATE[HY093]: Invalid parameter number: number of bound variables does not match number of tokens

2016-05-19 12:26:38
Error:SQLSTATE[HY093]: Invalid parameter number: number of bound variables does not match number of tokens

2016-05-19 12:26:38
Error:SQLSTATE[HY093]: Invalid parameter number: number of bound variables does not match number of tokens

2016-05-19 12:26:38
Error:SQLSTATE[HY093]: Invalid parameter number: number of bound variables does not match number of tokens

2016-05-19 12:26:38
Error:SQLSTATE[HY093]: Invalid parameter number: number of bound variables does not match number of tokens

2016-05-19 12:26:38
Error:SQLSTATE[HY093]: Invalid parameter number: number of bound variables does not match number of tokens

2016-05-19 12:26:38
Error:SQLSTATE[HY093]: Invalid parameter number: number of bound variables does not match number of tokens

2016-05-19 12:26:38
Error:SQLSTATE[HY093]: Invalid parameter number: number of bound variables does not match number of tokens

2016-05-19 12:26:38
Error:SQLSTATE[HY093]: Invalid parameter number: number of bound variables does not match number of tokens

2016-05-19 12:26:38
Error:SQLSTATE[HY093]: Invalid parameter number: number of bound variables does not match number of tokens

2016-05-19 12:26:38
Error:SQLSTATE[HY093]: Invalid parameter number: number of bound variables does not match number of tokens

2016-05-19 12:26:39
Error:SQLSTATE[HY093]: Invalid parameter number: number of bound variables does not match number of tokens

2016-05-19 12:26:39
Error:SQLSTATE[HY093]: Invalid parameter number: number of bound variables does not match number of tokens

2016-05-19 12:26:55
Error:SQLSTATE[HY093]: Invalid parameter number: number of bound variables does not match number of tokens

2016-05-19 12:26:55
Error:SQLSTATE[HY093]: Invalid parameter number: number of bound variables does not match number of tokens

2016-05-19 12:26:56
Error:SQLSTATE[HY093]: Invalid parameter number: number of bound variables does not match number of tokens

2016-05-19 12:26:56
Error:SQLSTATE[HY093]: Invalid parameter number: number of bound variables does not match number of tokens

2016-05-19 12:26:56
Error:SQLSTATE[HY093]: Invalid parameter number: number of bound variables does not match number of tokens

2016-05-19 12:26:56
Error:SQLSTATE[HY093]: Invalid parameter number: number of bound variables does not match number of tokens

2016-05-19 12:26:56
Error:SQLSTATE[HY093]: Invalid parameter number: number of bound variables does not match number of tokens

2016-05-19 12:26:56
Error:SQLSTATE[HY093]: Invalid parameter number: number of bound variables does not match number of tokens

2016-05-19 12:27:58
Error:SQLSTATE[HY093]: Invalid parameter number: number of bound variables does not match number of tokens

2016-05-19 12:27:58
Error:SQLSTATE[HY093]: Invalid parameter number: number of bound variables does not match number of tokens

2016-05-19 12:27:59
Error:SQLSTATE[HY093]: Invalid parameter number: number of bound variables does not match number of tokens

2016-05-19 12:27:59
Error:SQLSTATE[HY093]: Invalid parameter number: number of bound variables does not match number of tokens

2016-05-19 12:27:59
Error:SQLSTATE[HY093]: Invalid parameter number: number of bound variables does not match number of tokens

2016-05-19 12:27:59
Error:SQLSTATE[HY093]: Invalid parameter number: number of bound variables does not match number of tokens

2016-05-19 12:28:00
Error:SQLSTATE[HY093]: Invalid parameter number: number of bound variables does not match number of tokens

2016-05-19 12:28:00
Error:SQLSTATE[HY093]: Invalid parameter number: number of bound variables does not match number of tokens

2016-05-19 12:28:00
Error:SQLSTATE[HY093]: Invalid parameter number: number of bound variables does not match number of tokens

2016-05-19 12:28:00
Error:SQLSTATE[HY093]: Invalid parameter number: number of bound variables does not match number of tokens

2016-05-19 12:28:00
Error:SQLSTATE[HY093]: Invalid parameter number: number of bound variables does not match number of tokens

2016-05-19 12:28:00
Error:SQLSTATE[HY093]: Invalid parameter number: number of bound variables does not match number of tokens

2016-05-19 12:28:01
Error:SQLSTATE[HY093]: Invalid parameter number: number of bound variables does not match number of tokens

2016-05-19 12:28:01
Error:SQLSTATE[HY093]: Invalid parameter number: number of bound variables does not match number of tokens

2016-05-19 12:28:01
Error:SQLSTATE[HY093]: Invalid parameter number: number of bound variables does not match number of tokens

2016-05-19 12:28:01
Error:SQLSTATE[HY093]: Invalid parameter number: number of bound variables does not match number of tokens

2016-05-19 12:28:01
Error:SQLSTATE[HY093]: Invalid parameter number: number of bound variables does not match number of tokens

2016-05-19 12:28:02
Error:SQLSTATE[HY093]: Invalid parameter number: number of bound variables does not match number of tokens

2016-05-19 12:28:15
Error:SQLSTATE[HY093]: Invalid parameter number: number of bound variables does not match number of tokens

2016-05-19 12:28:15
Error:SQLSTATE[HY093]: Invalid parameter number: number of bound variables does not match number of tokens

2016-05-19 12:28:16
Error:SQLSTATE[HY093]: Invalid parameter number: number of bound variables does not match number of tokens

2016-05-19 12:28:16
Error:SQLSTATE[HY093]: Invalid parameter number: number of bound variables does not match number of tokens

2016-05-19 12:28:16
Error:SQLSTATE[HY093]: Invalid parameter number: number of bound variables does not match number of tokens

2016-05-19 12:28:16
Error:SQLSTATE[HY093]: Invalid parameter number: number of bound variables does not match number of tokens

2016-05-19 12:28:16
Error:SQLSTATE[HY093]: Invalid parameter number: number of bound variables does not match number of tokens

2016-05-19 12:28:16
Error:SQLSTATE[HY093]: Invalid parameter number: number of bound variables does not match number of tokens

2016-05-19 12:28:16
Error:SQLSTATE[HY093]: Invalid parameter number: number of bound variables does not match number of tokens

2016-05-19 12:28:16
Error:SQLSTATE[HY093]: Invalid parameter number: number of bound variables does not match number of tokens

2016-05-19 12:28:17
Error:SQLSTATE[HY093]: Invalid parameter number: number of bound variables does not match number of tokens

2016-05-19 12:28:17
Error:SQLSTATE[HY093]: Invalid parameter number: number of bound variables does not match number of tokens

2016-05-19 12:28:23
Error:SQLSTATE[HY093]: Invalid parameter number: number of bound variables does not match number of tokens

2016-05-19 12:28:23
Error:SQLSTATE[HY093]: Invalid parameter number: number of bound variables does not match number of tokens

2016-05-19 12:28:23
Error:SQLSTATE[HY093]: Invalid parameter number: number of bound variables does not match number of tokens

2016-05-19 12:28:23
Error:SQLSTATE[HY093]: Invalid parameter number: number of bound variables does not match number of tokens

2016-05-19 12:28:23
Error:SQLSTATE[HY093]: Invalid parameter number: number of bound variables does not match number of tokens

2016-05-19 12:28:24
Error:SQLSTATE[HY093]: Invalid parameter number: number of bound variables does not match number of tokens

2016-05-19 12:28:24
Error:SQLSTATE[HY093]: Invalid parameter number: number of bound variables does not match number of tokens

2016-05-19 12:28:24
Error:SQLSTATE[HY093]: Invalid parameter number: number of bound variables does not match number of tokens

2016-05-19 12:28:24
Error:SQLSTATE[HY093]: Invalid parameter number: number of bound variables does not match number of tokens

2016-05-19 12:28:24
Error:SQLSTATE[HY093]: Invalid parameter number: number of bound variables does not match number of tokens

2016-05-19 12:28:24
Error:SQLSTATE[HY093]: Invalid parameter number: number of bound variables does not match number of tokens

2016-05-19 12:28:24
Error:SQLSTATE[HY093]: Invalid parameter number: number of bound variables does not match number of tokens

2016-05-19 12:28:24
Error:SQLSTATE[HY093]: Invalid parameter number: number of bound variables does not match number of tokens

2016-05-19 12:28:24
Error:SQLSTATE[HY093]: Invalid parameter number: number of bound variables does not match number of tokens

2016-05-19 12:28:24
Error:SQLSTATE[HY093]: Invalid parameter number: number of bound variables does not match number of tokens

2016-05-19 12:28:24
Error:SQLSTATE[HY093]: Invalid parameter number: number of bound variables does not match number of tokens

2016-05-19 12:28:25
Error:SQLSTATE[HY093]: Invalid parameter number: number of bound variables does not match number of tokens

2016-05-19 12:28:25
Error:SQLSTATE[HY093]: Invalid parameter number: number of bound variables does not match number of tokens

2016-05-19 12:28:25
Error:SQLSTATE[HY093]: Invalid parameter number: number of bound variables does not match number of tokens

2016-05-19 12:28:25
Error:SQLSTATE[HY093]: Invalid parameter number: number of bound variables does not match number of tokens

2016-05-19 12:28:25
Error:SQLSTATE[HY093]: Invalid parameter number: number of bound variables does not match number of tokens

2016-05-19 12:28:25
Error:SQLSTATE[HY093]: Invalid parameter number: number of bound variables does not match number of tokens

2016-05-19 12:28:25
Error:SQLSTATE[HY093]: Invalid parameter number: number of bound variables does not match number of tokens

2016-05-19 12:28:25
Error:SQLSTATE[HY093]: Invalid parameter number: number of bound variables does not match number of tokens

2016-05-19 12:28:25
Error:SQLSTATE[HY093]: Invalid parameter number: number of bound variables does not match number of tokens

2016-05-19 12:28:25
Error:SQLSTATE[HY093]: Invalid parameter number: number of bound variables does not match number of tokens

2016-05-19 12:28:34
Error:SQLSTATE[HY093]: Invalid parameter number: number of bound variables does not match number of tokens

2016-05-19 12:28:34
Error:SQLSTATE[HY093]: Invalid parameter number: number of bound variables does not match number of tokens

2016-05-19 12:28:34
Error:SQLSTATE[HY093]: Invalid parameter number: number of bound variables does not match number of tokens

2016-05-19 12:28:34
Error:SQLSTATE[HY093]: Invalid parameter number: number of bound variables does not match number of tokens

2016-05-19 12:28:34
Error:SQLSTATE[HY093]: Invalid parameter number: number of bound variables does not match number of tokens

2016-05-19 12:28:34
Error:SQLSTATE[HY093]: Invalid parameter number: number of bound variables does not match number of tokens

2016-05-19 12:28:34
Error:SQLSTATE[HY093]: Invalid parameter number: number of bound variables does not match number of tokens

2016-05-19 12:28:34
Error:SQLSTATE[HY093]: Invalid parameter number: number of bound variables does not match number of tokens

2016-05-19 12:28:35
Error:SQLSTATE[HY093]: Invalid parameter number: number of bound variables does not match number of tokens

2016-05-19 12:28:35
Error:SQLSTATE[HY093]: Invalid parameter number: number of bound variables does not match number of tokens

2016-05-19 12:28:35
Error:SQLSTATE[HY093]: Invalid parameter number: number of bound variables does not match number of tokens

2016-05-19 12:28:35
Error:SQLSTATE[HY093]: Invalid parameter number: number of bound variables does not match number of tokens

2016-05-19 12:47:36
Error:SQLSTATE[HY093]: Invalid parameter number: number of bound variables does not match number of tokens

2016-05-19 12:47:36
Error:SQLSTATE[HY093]: Invalid parameter number: number of bound variables does not match number of tokens

2016-05-19 12:51:05
Error:SQLSTATE[HY093]: Invalid parameter number: number of bound variables does not match number of tokens

2016-05-19 12:51:05
Error:SQLSTATE[HY093]: Invalid parameter number: number of bound variables does not match number of tokens

2016-05-19 12:51:12
Error:SQLSTATE[HY093]: Invalid parameter number: number of bound variables does not match number of tokens

2016-05-19 12:51:12
Error:SQLSTATE[HY093]: Invalid parameter number: number of bound variables does not match number of tokens

2016-05-19 12:52:22
Error:SQLSTATE[HY093]: Invalid parameter number: number of bound variables does not match number of tokens

2016-05-19 12:52:22
Error:SQLSTATE[HY093]: Invalid parameter number: number of bound variables does not match number of tokens

2016-05-19 12:52:24
Error:SQLSTATE[HY093]: Invalid parameter number: number of bound variables does not match number of tokens

2016-05-19 12:52:24
Error:SQLSTATE[HY093]: Invalid parameter number: number of bound variables does not match number of tokens

2016-05-19 12:52:35
Error:SQLSTATE[HY093]: Invalid parameter number: number of bound variables does not match number of tokens

2016-05-19 12:52:37
Error:SQLSTATE[HY093]: Invalid parameter number: number of bound variables does not match number of tokens

2016-05-19 12:52:37
Error:SQLSTATE[HY093]: Invalid parameter number: number of bound variables does not match number of tokens

2016-05-19 12:52:37
Error:SQLSTATE[HY093]: Invalid parameter number: number of bound variables does not match number of tokens

2016-05-19 12:52:38
Error:SQLSTATE[HY093]: Invalid parameter number: number of bound variables does not match number of tokens

2016-05-19 12:52:38
Error:SQLSTATE[HY093]: Invalid parameter number: number of bound variables does not match number of tokens

2016-05-19 12:52:38
Error:SQLSTATE[HY093]: Invalid parameter number: number of bound variables does not match number of tokens

2016-05-19 12:52:38
Error:SQLSTATE[HY093]: Invalid parameter number: number of bound variables does not match number of tokens

2016-05-19 12:54:41
Error:SQLSTATE[HY093]: Invalid parameter number: number of bound variables does not match number of tokens

2016-05-19 12:54:41
Error:SQLSTATE[HY093]: Invalid parameter number: number of bound variables does not match number of tokens

2016-05-19 12:54:41
Error:SQLSTATE[HY093]: Invalid parameter number: number of bound variables does not match number of tokens

2016-05-19 12:54:51
Error:SQLSTATE[HY093]: Invalid parameter number: number of bound variables does not match number of tokens

2016-05-19 12:54:51
Error:SQLSTATE[HY093]: Invalid parameter number: number of bound variables does not match number of tokens

2016-05-19 12:54:51
Error:SQLSTATE[HY093]: Invalid parameter number: number of bound variables does not match number of tokens

2016-05-19 12:55:03
Error:SQLSTATE[HY093]: Invalid parameter number: number of bound variables does not match number of tokens

2016-05-19 12:55:03
Error:SQLSTATE[HY093]: Invalid parameter number: number of bound variables does not match number of tokens

2016-05-19 12:55:03
Error:SQLSTATE[HY093]: Invalid parameter number: number of bound variables does not match number of tokens

2016-05-19 12:55:04
Error:SQLSTATE[HY093]: Invalid parameter number: number of bound variables does not match number of tokens

2016-05-19 12:55:04
Error:SQLSTATE[HY093]: Invalid parameter number: number of bound variables does not match number of tokens

2016-05-19 12:55:04
Error:SQLSTATE[HY093]: Invalid parameter number: number of bound variables does not match number of tokens

2016-05-19 12:55:05
Error:SQLSTATE[HY093]: Invalid parameter number: number of bound variables does not match number of tokens

2016-05-19 12:55:05
Error:SQLSTATE[HY093]: Invalid parameter number: number of bound variables does not match number of tokens

2016-05-19 12:55:05
Error:SQLSTATE[HY093]: Invalid parameter number: number of bound variables does not match number of tokens

2016-05-19 12:55:05
Error:SQLSTATE[HY093]: Invalid parameter number: number of bound variables does not match number of tokens

2016-05-19 12:55:05
Error:SQLSTATE[HY093]: Invalid parameter number: number of bound variables does not match number of tokens

2016-05-19 12:55:05
Error:SQLSTATE[HY093]: Invalid parameter number: number of bound variables does not match number of tokens

2016-05-19 12:55:05
Error:SQLSTATE[HY093]: Invalid parameter number: number of bound variables does not match number of tokens

2016-05-19 12:55:05
Error:SQLSTATE[HY093]: Invalid parameter number: number of bound variables does not match number of tokens

2016-05-19 12:55:05
Error:SQLSTATE[HY093]: Invalid parameter number: number of bound variables does not match number of tokens

2016-05-19 12:55:05
Error:SQLSTATE[HY093]: Invalid parameter number: number of bound variables does not match number of tokens

2016-05-19 12:55:05
Error:SQLSTATE[HY093]: Invalid parameter number: number of bound variables does not match number of tokens

2016-05-19 12:55:05
Error:SQLSTATE[HY093]: Invalid parameter number: number of bound variables does not match number of tokens

2016-05-19 12:55:05
Error:SQLSTATE[HY093]: Invalid parameter number: number of bound variables does not match number of tokens

2016-05-19 12:55:05
Error:SQLSTATE[HY093]: Invalid parameter number: number of bound variables does not match number of tokens

2016-05-19 12:55:05
Error:SQLSTATE[HY093]: Invalid parameter number: number of bound variables does not match number of tokens

2016-05-19 12:55:15
Error:SQLSTATE[HY093]: Invalid parameter number: number of bound variables does not match number of tokens

2016-05-19 12:55:15
Error:SQLSTATE[HY093]: Invalid parameter number: number of bound variables does not match number of tokens

2016-05-19 12:55:15
Error:SQLSTATE[HY093]: Invalid parameter number: number of bound variables does not match number of tokens

2016-05-19 12:55:17
Error:SQLSTATE[HY093]: Invalid parameter number: number of bound variables does not match number of tokens

2016-05-19 12:55:17
Error:SQLSTATE[HY093]: Invalid parameter number: number of bound variables does not match number of tokens

2016-05-19 12:55:17
Error:SQLSTATE[HY093]: Invalid parameter number: number of bound variables does not match number of tokens

2016-05-19 12:56:03
Error:SQLSTATE[HY093]: Invalid parameter number: number of bound variables does not match number of tokens

2016-05-19 12:56:03
Error:SQLSTATE[HY093]: Invalid parameter number: number of bound variables does not match number of tokens

2016-05-19 12:56:03
Error:SQLSTATE[HY093]: Invalid parameter number: number of bound variables does not match number of tokens

2016-05-19 12:56:04
Error:SQLSTATE[HY093]: Invalid parameter number: number of bound variables does not match number of tokens

2016-05-19 12:56:04
Error:SQLSTATE[HY093]: Invalid parameter number: number of bound variables does not match number of tokens

2016-05-19 12:56:04
Error:SQLSTATE[HY093]: Invalid parameter number: number of bound variables does not match number of tokens

2016-05-19 12:56:37
Error:SQLSTATE[HY093]: Invalid parameter number: number of bound variables does not match number of tokens

2016-05-19 12:56:37
Error:SQLSTATE[HY093]: Invalid parameter number: number of bound variables does not match number of tokens

2016-05-19 12:56:41
Error:SQLSTATE[HY093]: Invalid parameter number: number of bound variables does not match number of tokens

2016-05-19 12:56:41
Error:SQLSTATE[HY093]: Invalid parameter number: number of bound variables does not match number of tokens

2016-05-19 12:57:18
Error:SQLSTATE[HY093]: Invalid parameter number: number of bound variables does not match number of tokens

2016-05-19 12:57:18
Error:SQLSTATE[HY093]: Invalid parameter number: number of bound variables does not match number of tokens

2016-05-19 12:57:18
Error:SQLSTATE[HY093]: Invalid parameter number: number of bound variables does not match number of tokens

2016-05-19 12:57:19
Error:SQLSTATE[HY093]: Invalid parameter number: number of bound variables does not match number of tokens

2016-05-19 12:57:19
Error:SQLSTATE[HY093]: Invalid parameter number: number of bound variables does not match number of tokens

2016-05-19 12:57:19
Error:SQLSTATE[HY093]: Invalid parameter number: number of bound variables does not match number of tokens

2016-05-19 12:57:19
Error:SQLSTATE[HY093]: Invalid parameter number: number of bound variables does not match number of tokens

2016-05-19 12:57:19
Error:SQLSTATE[HY093]: Invalid parameter number: number of bound variables does not match number of tokens

2016-05-19 12:57:19
Error:SQLSTATE[HY093]: Invalid parameter number: number of bound variables does not match number of tokens

2016-05-19 12:57:19
Error:SQLSTATE[HY093]: Invalid parameter number: number of bound variables does not match number of tokens

2016-05-19 12:57:19
Error:SQLSTATE[HY093]: Invalid parameter number: number of bound variables does not match number of tokens

2016-05-19 12:57:19
Error:SQLSTATE[HY093]: Invalid parameter number: number of bound variables does not match number of tokens

2016-05-19 12:57:40
Error:SQLSTATE[HY093]: Invalid parameter number: number of bound variables does not match number of tokens

2016-05-19 12:57:40
Error:SQLSTATE[HY093]: Invalid parameter number: number of bound variables does not match number of tokens

2016-05-19 12:57:40
Error:SQLSTATE[HY093]: Invalid parameter number: number of bound variables does not match number of tokens

2016-05-19 12:57:42
Error:SQLSTATE[HY093]: Invalid parameter number: number of bound variables does not match number of tokens

2016-05-19 12:57:42
Error:SQLSTATE[HY093]: Invalid parameter number: number of bound variables does not match number of tokens

2016-05-19 12:57:42
Error:SQLSTATE[HY093]: Invalid parameter number: number of bound variables does not match number of tokens

2016-05-19 12:57:43
Error:SQLSTATE[HY093]: Invalid parameter number: number of bound variables does not match number of tokens

2016-05-19 12:57:43
Error:SQLSTATE[HY093]: Invalid parameter number: number of bound variables does not match number of tokens

2016-05-19 12:57:43
Error:SQLSTATE[HY093]: Invalid parameter number: number of bound variables does not match number of tokens

2016-05-19 12:57:43
Error:SQLSTATE[HY093]: Invalid parameter number: number of bound variables does not match number of tokens

2016-05-19 12:57:43
Error:SQLSTATE[HY093]: Invalid parameter number: number of bound variables does not match number of tokens

2016-05-19 12:57:43
Error:SQLSTATE[HY093]: Invalid parameter number: number of bound variables does not match number of tokens

2016-05-19 12:57:55
Error:SQLSTATE[HY093]: Invalid parameter number: number of bound variables does not match number of tokens

2016-05-19 12:57:55
Error:SQLSTATE[HY093]: Invalid parameter number: number of bound variables does not match number of tokens

2016-05-19 12:57:56
Error:SQLSTATE[HY093]: Invalid parameter number: number of bound variables does not match number of tokens

2016-05-19 12:57:56
Error:SQLSTATE[HY093]: Invalid parameter number: number of bound variables does not match number of tokens

2016-05-19 14:10:25
Error:SQLSTATE[42S22]: Column not found: 1054 Unknown column 'email' in 'where clause'

2016-05-19 14:10:25
Error:SQLSTATE[23000]: Integrity constraint violation: 1062 Duplicate entry '9016913088' for key 'mobile'

